<?xml version="1.0" encoding="UTF-8"?>
<!-- Generated by org.testng.reporters.JUnitXMLReporter -->
<testsuite ignored="0" hostname="DESKTOP-9SPQKP1" failures="1" tests="1" name="abcd" time="0.037" errors="0" timestamp="2025-05-11T23:33:14 IST">
  <testcase classname="test.TestFile3" name="myTest" time="0.0">
    <failure type="org.testng.TestNGException" message="
Data Provider public java.lang.String test.TestFile3.a() must return either Object[][] or Object[] or Iterator&amp;lt;Object[]&amp;gt; or Iterator&amp;lt;Object&amp;gt;, not class java.lang.String">
      <![CDATA[org.testng.TestNGException: 
Data Provider public java.lang.String test.TestFile3.a() must return either Object[][] or Object[] or Iterator<Object[]> or Iterator<Object>, not class java.lang.String
at java.base/java.util.ArrayList.forEach(ArrayList.java:1511)
... Removed 24 stack frames]]>
    </failure>
  </testcase> <!-- myTest -->
</testsuite> <!-- abcd -->
