<?xml version="1.0" encoding="UTF-8"?>
<!-- Generated by org.testng.reporters.JUnitXMLReporter -->
<testsuite ignored="1" hostname="DESKTOP-9SPQKP1" failures="0" tests="3" name="Test" time="0.05" errors="0" timestamp="2025-05-11T23:22:24 IST">
  <testcase classname="test.TestFile" name="method1" time="0.004"/>
  <testcase classname="test.TestFile" name="method4" time="0.001"/>
  <testcase classname="test.TestFile2" name="method4" time="0.001"/>
  <testcase classname="test.TestFile2" name="method1" time="0.0">
    <ignored/>
  </testcase> <!-- method1 -->
</testsuite> <!-- Test -->
