<?xml version="1.0" encoding="UTF-8"?>
<testng-results ignored="0" total="2" passed="2" failed="0" skipped="0">
  <reporter-output>
  </reporter-output>
  <suite started-at="2025-05-13T23:09:19 IST" name="Suite" finished-at="2025-05-13T23:09:37 IST" duration-ms="17642">
    <groups>
    </groups>
    <test started-at="2025-05-13T23:09:19 IST" name="xyz" finished-at="2025-05-13T23:09:37 IST" duration-ms="17642">
      <class name="test.Sauce">
        <test-method signature="TestRemote()[pri:0, instance:test.Sauce@506ae4d4]" started-at="2025-05-13T23:09:19 IST" name="TestRemote" finished-at="2025-05-13T23:09:24 IST" duration-ms="5003" status="PASS">
          <reporter-output>
          </reporter-output>
        </test-method> <!-- TestRemote -->
        <test-method signature="testPagination()[pri:0, instance:test.Sauce@506ae4d4]" started-at="2025-05-13T23:09:24 IST" name="testPagination" finished-at="2025-05-13T23:09:34 IST" depends-on-methods="test.Sauce.TestRemote" duration-ms="9841" status="PASS">
          <reporter-output>
          </reporter-output>
        </test-method> <!-- testPagination -->
        <test-method is-config="true" signature="destroy()[pri:0, instance:test.Sauce@506ae4d4]" started-at="2025-05-13T23:09:34 IST" name="destroy" finished-at="2025-05-13T23:09:37 IST" duration-ms="2761" status="PASS">
          <reporter-output>
          </reporter-output>
        </test-method> <!-- destroy -->
      </class> <!-- test.Sauce -->
    </test> <!-- xyz -->
  </suite> <!-- Suite -->
</testng-results>
